[debug] [2018-01-28T07:24:30.556Z] ----------------------------------------------------------------------
[debug] [2018-01-28T07:24:30.559Z] Command:       /home/fitzjoy/.nvm/versions/node/v8.9.3/bin/node /home/fitzjoy/.nvm/versions/node/v8.9.3/bin/firebase serve --only functions
[debug] [2018-01-28T07:24:30.559Z] CLI Version:   3.17.3
[debug] [2018-01-28T07:24:30.560Z] Platform:      linux
[debug] [2018-01-28T07:24:30.560Z] Node Version:  v8.9.3
[debug] [2018-01-28T07:24:30.560Z] Time:          Sun Jan 28 2018 02:24:30 GMT-0500 (EST)
[debug] [2018-01-28T07:24:30.560Z] ----------------------------------------------------------------------
[debug] 
[debug] [2018-01-28T07:24:30.571Z] > command requires scopes: ["email","openid","https://www.googleapis.com/auth/cloudplatformprojects.readonly","https://www.googleapis.com/auth/firebase","https://www.googleapis.com/auth/cloud-platform"]
[debug] [2018-01-28T07:24:30.571Z] > authorizing via signed-in user
[debug] [2018-01-28T07:24:30.574Z] >>> HTTP REQUEST GET https://admin.firebase.com/v1/projects/hoyahacks2018  
  
 Sun Jan 28 2018 02:24:30 GMT-0500 (EST)
[debug] [2018-01-28T07:24:30.848Z] <<< HTTP RESPONSE 200
[debug] [2018-01-28T07:24:30.851Z] >>> HTTP REQUEST GET https://admin.firebase.com/v1/database/hoyahacks2018/tokens  
  
 Sun Jan 28 2018 02:24:30 GMT-0500 (EST)
[debug] [2018-01-28T07:24:31.118Z] <<< HTTP RESPONSE 200
[info] 
[info] === Serving from '/home/fitzjoy/code/chat/HoyaHacks2018'...
[info] 
[info] i  functions: Preparing to emulate functions.
[debug] [2018-01-28T07:24:31.667Z] Fetching environment
[debug] [2018-01-28T07:24:31.668Z] >>> HTTP REQUEST GET https://appengine.googleapis.com/v1/apps/hoyahacks2018  
  
 Sun Jan 28 2018 02:24:31 GMT-0500 (EST)
[debug] [2018-01-28T07:24:31.668Z] >>> HTTP REQUEST GET https://apikeys.googleapis.com/v1/projects/hoyahacks2018/apiKeys  
  
 Sun Jan 28 2018 02:24:31 GMT-0500 (EST)
[debug] [2018-01-28T07:24:31.923Z] <<< HTTP RESPONSE 200
[debug] [2018-01-28T07:24:32.042Z] <<< HTTP RESPONSE 200
[debug] [2018-01-28T07:24:32.043Z] Starting @google-cloud/functions-emulator
[debug] [2018-01-28T07:24:33.656Z] Parsing function triggers
[info] ✔  functions: app: http://localhost:5000/hoyahacks2018/us-central1/app
